Arguments: 
  C:\Program Files\nodejs\node.exe C:\Users\Sun\AppData\Roaming\npm\node_modules\yarn\bin\yarn.js add cookie-parser

PATH: 
  C:\Program Files\Git\mingw64\bin;C:\Program Files\Git\usr\bin;C:\Users\Sun\bin;C:\Program Files (x86)\Common Files\Oracle\Java\javapath;C:\WINDOWS\system32;C:\WINDOWS;C:\WINDOWS\System32\Wbem;C:\WINDOWS\System32\WindowsPowerShell\v1.0;C:\WINDOWS\System32\OpenSSH;C:\Program Files\Git\cmd;C:\Program Files\nodejs;C:\Program Files\MongoDB\Server\4.2\bin;C:\Users\Sun\AppData\Local\Programs\Python\Python310\Scripts;C:\Users\Sun\AppData\Local\Programs\Python\Python310;C:\Users\Sun\AppData\Local\Microsoft\WindowsApps;C:\Users\Sun\AppData\Local\Programs\Microsoft VS Code\bin;C:\Users\Sun\AppData\Roaming\npm

Yarn version: 
  1.22.19

Node version: 
  14.15.4

Platform: 
  win32 x64

Trace: 
  Error: EPERM: operation not permitted, rmdir 'C:\Brac University Semester\8th Semester\CSE 470\CSE 470 PROJECT\Project\SHOPIT\node_modules\.bin'

npm manifest: 
  {
    "name": "shopit",
    "version": "1.0.0",
    "description": "full ecommerce site using mern",
    "main": "server.js",
    "scripts": {
      "start": "node backend/server.js",
      "dev": "SET NODE_ENV=DEVELOPMENT& nodemon backend/server",
      "prod": "SET NODE_ENV=PRODUCTION& node backend/server",
      "seeder": "node backend/utils/seeder.js"
    },
    "author": "Khalid Redwan Sun",
    "license": "ISC",
    "dependencies": {
      "bcryptjs": "^2.4.3",
      "dotenv": "^16.0.3",
      "express": "^4.18.2",
      "jsonwebtoken": "^8.5.1",
      "mongoose": "^6.7.2",
      "nodemailer": "^6.8.0",
      "validator": "^13.7.0"
    },
    "devDependencies": {
      "nodemon": "^2.0.20"
    }
  }

yarn manifest: 
  No manifest

Lockfile: 
  No lockfile
